<testsuites name="jest tests" tests="0" failures="0" time="10.176">
</testsuites>